Build started 28.03.2019 11:14:31.
     1>Project "C:\CProjects\GPR\GPR\GPR.vcxproj" on node 2 (Build target(s)).
     1>ClCompile:
         C:\Program Files (x86)\Microsoft Visual Studio 12.0\VC\bin\CL.exe /c /I..\OpenGL\include /Zi /nologo /W3 /WX- /O2 /Oi /Oy- /GL /D WIN32 /D NDEBUG /D _WINDOWS /D _MBCS /Gm- /EHsc /MD /GS /Gy /fp:precise /Zc:wchar_t /Zc:forScope /Fo"Release\\" /Fd"Release\vc120.pdb" /Gd /TP /analyze- /errorReport:prompt main.cpp
         main.cpp
     1>c:\cprojects\gpr\gpr\DCEL.h(25): warning C4099: 'DCEL_Face' : type name first seen using 'class' now seen using 'struct'
                 c:\cprojects\gpr\gpr\DCEL.h(13) : see declaration of 'DCEL_Face'
     1>c:\cprojects\gpr\gpr\DCEL.h(132): warning C4018: '<' : signed/unsigned mismatch
     1>c:\cprojects\gpr\gpr\DCEL.h(145): warning C4018: '<' : signed/unsigned mismatch
     1>c:\cprojects\gpr\gpr\DCEL.h(159): warning C4018: '<' : signed/unsigned mismatch
     1>c:\cprojects\gpr\gpr\DCEL.h(173): warning C4018: '<' : signed/unsigned mismatch
     1>c:\cprojects\gpr\gpr\DCEL.h(267): warning C4099: 'DCEL_Face' : type name first seen using 'class' now seen using 'struct'
                 c:\cprojects\gpr\gpr\DCEL.h(13) : see declaration of 'DCEL_Face'
     1>main.cpp(108): warning C4996: 'freopen': This function or variable may be unsafe. Consider using freopen_s instead. To disable deprecation, use _CRT_SECURE_NO_WARNINGS. See online help for details.
                 C:\Program Files (x86)\Microsoft Visual Studio 12.0\VC\include\stdio.h(226) : see declaration of 'freopen'
     1>main.cpp(189): warning C4101: 'height' : unreferenced local variable
     1>main.cpp(189): warning C4101: 'width' : unreferenced local variable
     1>main.cpp(452): warning C4305: 'argument' : truncation from 'double' to 'float'
     1>main.cpp(679): warning C4244: '=' : conversion from 'double' to 'float', possible loss of data
     1>main.cpp(680): warning C4244: '=' : conversion from 'double' to 'float', possible loss of data
     1>main.cpp(698): warning C4305: 'initializing' : truncation from 'double' to 'float'
     1>main.cpp(909): warning C4244: 'argument' : conversion from 'double' to 'float', possible loss of data
     1>main.cpp(921): warning C4996: 'fopen': This function or variable may be unsafe. Consider using fopen_s instead. To disable deprecation, use _CRT_SECURE_NO_WARNINGS. See online help for details.
                 C:\Program Files (x86)\Microsoft Visual Studio 12.0\VC\include\stdio.h(211) : see declaration of 'fopen'
     1>main.cpp(928): warning C4996: 'fscanf': This function or variable may be unsafe. Consider using fscanf_s instead. To disable deprecation, use _CRT_SECURE_NO_WARNINGS. See online help for details.
                 C:\Program Files (x86)\Microsoft Visual Studio 12.0\VC\include\stdio.h(230) : see declaration of 'fscanf'
     1>main.cpp(937): warning C4996: 'sscanf': This function or variable may be unsafe. Consider using sscanf_s instead. To disable deprecation, use _CRT_SECURE_NO_WARNINGS. See online help for details.
                 C:\Program Files (x86)\Microsoft Visual Studio 12.0\VC\include\stdio.h(304) : see declaration of 'sscanf'
     1>main.cpp(939): warning C4800: 'int' : forcing value to bool 'true' or 'false' (performance warning)
       Link:
         C:\Program Files (x86)\Microsoft Visual Studio 12.0\VC\bin\link.exe /ERRORREPORT:PROMPT /OUT:"C:\CProjects\GPR\Release\GPR.exe" /INCREMENTAL:NO /NOLOGO /LIBPATH:..\OpenGL\lib OpenGL32.lib kernel32.lib user32.lib gdi32.lib winspool.lib comdlg32.lib advapi32.lib shell32.lib ole32.lib oleaut32.lib uuid.lib odbc32.lib odbccp32.lib /MANIFEST /MANIFESTUAC:"level='asInvoker' uiAccess='false'" /manifest:embed /DEBUG /PDB:"C:\CProjects\GPR\Release\GPR.pdb" /SUBSYSTEM:WINDOWS /OPT:REF /OPT:ICF /LTCG /TLBID:1 /DYNAMICBASE /NXCOMPAT /IMPLIB:"C:\CProjects\GPR\Release\GPR.lib" /MACHINE:X86 /SAFESEH Release\Camera.obj
         Release\DCEL.obj
         Release\Extension.obj
         Release\GPR.obj
         Release\Interpolation.obj
         Release\Linear.obj
         Release\main.obj
         Release\ModelMatrix.obj
         Release\TriangleGrid.obj
         Release\Vector.obj
         Generating code
         Finished generating code
         GPR.vcxproj -> C:\CProjects\GPR\Release\GPR.exe
     1>Done Building Project "C:\CProjects\GPR\GPR\GPR.vcxproj" (Build target(s)).

Build succeeded.

Time Elapsed 00:00:02.42
